
ROM used: 3900 (12%)
          3900 (12%) including unused fragments

          4 Average locations per line
          18 Average locations per statement

RAM used: 83 (5%) at main() level
          115 (7%) worst case

Stack used: 6 worst case (out of 30 total available)

Lines Stmts  %   Files
----- ----- ---  -----
  376   149  70  practica 7.c
  431     0   0  ..\..\..\..\..\Program Files\PICC\devices\18f4520.h
  130    63  30  ds1307.c
----- -----
  937   212 Total

Page ROM  %  RAM   Vol Diff  Functions:
---- --- --- ---   --- ----  ----------
0     72   1   3   437  2.4  @I2C_READ_1
0     72   1   1   503  2.7  @I2C_WRITE_1
0    174   2   8   503  2.7  setTime
 Inline        6   383  3.1  getDate
 Inline        5   315  3.0  getTime
0     46   1   4   237  5.2  bin2bcd
0     40   1   3   155  4.7  @DIV88
0     36   0   4   206  4.7  bcd2bin
0     82   1   3   331  5.1  isr_rda
0     10   0   0    18  1.0  timer0
0    600   8   0   460  3.7  MAIN
0    208   3   6   346  6.2  @PRINTF_D_9600_31766_31767
0     78   1   4   383  6.2  analizarTrama
0   1450  19   3  4531  9.8  analyzeTokens
0     58   1   0   104  3.3  @const125
0     76   1   0   104  3.3  @const126
0     46   1   0             @const127
0     58   1   0             @const130
0     76   1   0             @const131
0     56   1   0   104  3.3  @const135
0     74   1   0   104  3.3  @const136
0     54   1   0   104  3.3  @const140
0     72   1   0   173  4.3  @const141
0     54   1   0   173  4.3  @const145
0     72   1   0   104  3.3  @const146
0     48   1   0   104  3.3  @const150
0     44   1   0   173  4.3  @const153
0     34   0   3   104  3.3  limpiarTrama
0     30   0   3   173  4.3  isValidNumber
0     14   0   2    74  2.5  charToInt

Program metrics:
    Functions               27
    Statements              212
    Comments                152
    Volume (V)              17239
    Difficilty (D)          112.0
    Effort to implement (E) 1931063
    Time to implement (T)   29 hours, 48 minutes
    Est Delivered Bugs (B)  5
    Cyclomatic Complexity   44
    Maintainability (MI)    78

 Segment     Used  Free
-----------  ----  ----
00000-00002     4  0  
00004-00006     0  4  
00008-000A8   162  0  
000AA-07FFE  3734  28864  



